<?xml version="1.0" encoding="UTF-8"?>
<!-- Generated by org.testng.reporters.JUnitReportReporter -->
<testsuite hostname="BDC4A-D-74MSX52" name="returntruetest.test" tests="1" failures="0" timestamp="22 Jun 2016 09:57:08 GMT" time="0.019" errors="0">
  <testcase name="truetest" time="0.019" classname="returntruetest.test"/>
</testsuite> <!-- returntruetest.test -->
